<?xml version="1.0" encoding="UTF-8"?>
<coverage generated="1482301470191" clover="3.2.0">
  <project timestamp="1482301470191" name="All files">
    <metrics statements="18" coveredstatements="18" conditionals="8" coveredconditionals="6" methods="6" coveredmethods="6" elements="32" coveredelements="30" complexity="0" loc="18" ncloc="18" packages="1" files="1" classes="1">
      <file name="Transport.js" path="/Users/anthonyng/Desktop/Projects/react-transport/lib/Transport.js">
        <metrics statements="18" coveredstatements="18" conditionals="8" coveredconditionals="6" methods="6" coveredmethods="6"/>
        <line num="6" count="5" type="stmt"/>
        <line num="8" count="5" type="stmt"/>
        <line num="10" count="5" type="stmt"/>
        <line num="11" count="5" type="stmt"/>
        <line num="15" count="5" type="stmt"/>
        <line num="16" count="2" type="stmt"/>
        <line num="21" count="2" type="stmt"/>
        <line num="22" count="1" type="stmt"/>
        <line num="24" count="1" type="stmt"/>
        <line num="29" count="3" type="stmt"/>
        <line num="30" count="3" type="stmt"/>
        <line num="31" count="3" type="stmt"/>
        <line num="33" count="3" type="stmt"/>
        <line num="42" count="1" type="stmt"/>
        <line num="43" count="1" type="stmt"/>
        <line num="44" count="1" type="stmt"/>
        <line num="49" count="7" type="stmt"/>
        <line num="53" count="1" type="stmt"/>
      </file>
    </metrics>
  </project>
</coverage>
