{"/Users/anthonyng/Desktop/Projects/react-transport/lib/Transport.js": {"path":"/Users/anthonyng/Desktop/Projects/react-transport/lib/Transport.js","statementMap":{"0":{"start":{"line":6,"column":2},"end":{"line":6,"column":15}},"1":{"start":{"line":8,"column":2},"end":{"line":8,"column":19}},"2":{"start":{"line":10,"column":2},"end":{"line":10,"column":53}},"3":{"start":{"line":11,"column":2},"end":{"line":11,"column":55}},"4":{"start":{"line":15,"column":2},"end":{"line":17,"column":3}},"5":{"start":{"line":16,"column":3},"end":{"line":16,"column":24}},"6":{"start":{"line":21,"column":2},"end":{"line":25,"column":3}},"7":{"start":{"line":22,"column":3},"end":{"line":22,"column":24}},"8":{"start":{"line":24,"column":3},"end":{"line":24,"column":25}},"9":{"start":{"line":29,"column":2},"end":{"line":38,"column":3}},"10":{"start":{"line":30,"column":3},"end":{"line":30,"column":45}},"11":{"start":{"line":31,"column":3},"end":{"line":31,"column":40}},"12":{"start":{"line":33,"column":3},"end":{"line":37,"column":5}},"13":{"start":{"line":42,"column":2},"end":{"line":45,"column":3}},"14":{"start":{"line":43,"column":3},"end":{"line":43,"column":40}},"15":{"start":{"line":44,"column":3},"end":{"line":44,"column":20}},"16":{"start":{"line":49,"column":2},"end":{"line":49,"column":14}},"17":{"start":{"line":53,"column":0},"end":{"line":55,"column":2}}},"fnMap":{"0":{"name":"(anonymous_0)","decl":{"start":{"line":5,"column":1},"end":{"line":5,"column":2}},"loc":{"start":{"line":5,"column":20},"end":{"line":12,"column":2}}},"1":{"name":"(anonymous_1)","decl":{"start":{"line":14,"column":1},"end":{"line":14,"column":2}},"loc":{"start":{"line":14,"column":21},"end":{"line":18,"column":2}}},"2":{"name":"(anonymous_2)","decl":{"start":{"line":20,"column":1},"end":{"line":20,"column":2}},"loc":{"start":{"line":20,"column":37},"end":{"line":26,"column":2}}},"3":{"name":"(anonymous_3)","decl":{"start":{"line":28,"column":1},"end":{"line":28,"column":2}},"loc":{"start":{"line":28,"column":17},"end":{"line":39,"column":2}}},"4":{"name":"(anonymous_4)","decl":{"start":{"line":41,"column":1},"end":{"line":41,"column":2}},"loc":{"start":{"line":41,"column":18},"end":{"line":46,"column":2}}},"5":{"name":"(anonymous_5)","decl":{"start":{"line":48,"column":1},"end":{"line":48,"column":2}},"loc":{"start":{"line":48,"column":10},"end":{"line":50,"column":2}}}},"branchMap":{"0":{"loc":{"start":{"line":15,"column":2},"end":{"line":17,"column":3}},"type":"if","locations":[{"start":{"line":15,"column":2},"end":{"line":17,"column":3}},{"start":{"line":15,"column":2},"end":{"line":17,"column":3}}]},"1":{"loc":{"start":{"line":21,"column":2},"end":{"line":25,"column":3}},"type":"if","locations":[{"start":{"line":21,"column":2},"end":{"line":25,"column":3}},{"start":{"line":21,"column":2},"end":{"line":25,"column":3}}]},"2":{"loc":{"start":{"line":29,"column":2},"end":{"line":38,"column":3}},"type":"if","locations":[{"start":{"line":29,"column":2},"end":{"line":38,"column":3}},{"start":{"line":29,"column":2},"end":{"line":38,"column":3}}]},"3":{"loc":{"start":{"line":42,"column":2},"end":{"line":45,"column":3}},"type":"if","locations":[{"start":{"line":42,"column":2},"end":{"line":45,"column":3}},{"start":{"line":42,"column":2},"end":{"line":45,"column":3}}]}},"s":{"0":5,"1":5,"2":5,"3":5,"4":5,"5":2,"6":2,"7":1,"8":1,"9":3,"10":3,"11":3,"12":3,"13":1,"14":1,"15":1,"16":7,"17":1},"f":{"0":5,"1":5,"2":2,"3":3,"4":1,"5":7},"b":{"0":[2,3],"1":[1,1],"2":[3,0],"3":[1,0]},"_coverageSchema":"332fd63041d2c1bcb487cc26dd0d5f7d97098a6c","hash":"23b74944320fbdd13725524d90121070ada6517c"}
}
