TN:
SF:/Users/anthonyng/Desktop/Projects/react-transport/lib/Transport.js
FN:5,(anonymous_0)
FN:14,(anonymous_1)
FN:20,(anonymous_2)
FN:28,(anonymous_3)
FN:41,(anonymous_4)
FN:48,(anonymous_5)
FNF:6
FNH:6
FNDA:5,(anonymous_0)
FNDA:5,(anonymous_1)
FNDA:2,(anonymous_2)
FNDA:3,(anonymous_3)
FNDA:1,(anonymous_4)
FNDA:7,(anonymous_5)
DA:6,5
DA:8,5
DA:10,5
DA:11,5
DA:15,5
DA:16,2
DA:21,2
DA:22,1
DA:24,1
DA:29,3
DA:30,3
DA:31,3
DA:33,3
DA:42,1
DA:43,1
DA:44,1
DA:49,7
DA:53,1
LF:18
LH:18
BRDA:15,0,0,2
BRDA:15,0,1,3
BRDA:21,1,0,1
BRDA:21,1,1,1
BRDA:29,2,0,3
BRDA:29,2,1,0
BRDA:42,3,0,1
BRDA:42,3,1,0
BRF:8
BRH:6
end_of_record
